20:08:11.368 INFO - Selenium build info: version: '3.8.1', revision: '6e95a6684b'
20:08:11.368 INFO - Launching a standalone Selenium Server
2017-12-20 20:08:11.477:INFO::main: Logging initialized @423ms to org.seleniumhq.jetty9.util.log.StdErrLog
20:08:11.518 INFO - Using `new FirefoxOptions()` is preferred to `DesiredCapabilities.firefox()`
20:08:11.534 INFO - Using `new ChromeOptions()` is preferred to `DesiredCapabilities.chrome()`
20:08:11.536 INFO - Using `new EdgeOptions()` is preferred to `DesiredCapabilities.edge()`
20:08:11.537 INFO - Driver class not found: com.opera.core.systems.OperaDriver
20:08:11.537 INFO - Using `new OperaOptions()` is preferred to `DesiredCapabilities.operaBlink()`
20:08:11.538 INFO - Using `new SafariOptions()` is preferred to `DesiredCapabilities.safari()`
20:08:11.538 INFO - Driver class not found: org.openqa.selenium.phantomjs.PhantomJSDriver
20:08:11.582 INFO - Driver provider class org.openqa.selenium.ie.InternetExplorerDriver registration is skipped:
 registration capabilities Capabilities {browserName: internet explorer, ensureCleanSession: true, platform: WINDOWS, version: } does not match the current platform MAC
20:08:11.583 INFO - Driver provider class org.openqa.selenium.edge.EdgeDriver registration is skipped:
 registration capabilities Capabilities {browserName: MicrosoftEdge, platform: WINDOWS, version: } does not match the current platform MAC
20:08:11.636 INFO - Using `new ChromeOptions()` is preferred to `DesiredCapabilities.chrome()`
20:08:11.638 INFO - Using `new EdgeOptions()` is preferred to `DesiredCapabilities.edge()`
20:08:11.638 INFO - Using `new FirefoxOptions()` is preferred to `DesiredCapabilities.firefox()`
20:08:11.639 INFO - Using `new OperaOptions()` is preferred to `DesiredCapabilities.operaBlink()`
20:08:11.639 INFO - Using `new SafariOptions()` is preferred to `DesiredCapabilities.safari()`
20:08:11.651 INFO - Using the passthrough mode handler
2017-12-20 20:08:11.695:INFO:osjs.Server:main: jetty-9.4.7.v20170914
2017-12-20 20:08:11.723:WARN:osjs.SecurityHandler:main: ServletContext@o.s.j.s.ServletContextHandler@66d1af89{/,null,STARTING} has uncovered http methods for path: /
2017-12-20 20:08:11.728:INFO:osjsh.ContextHandler:main: Started o.s.j.s.ServletContextHandler@66d1af89{/,null,AVAILABLE}
2017-12-20 20:08:11.768:INFO:osjs.AbstractConnector:main: Started ServerConnector@3578436e{HTTP/1.1,[http/1.1]}{0.0.0.0:4444}
2017-12-20 20:08:11.768:INFO:osjs.Server:main: Started @714ms
20:08:11.768 INFO - Selenium Server is up and running
2017-12-20 20:08:11.940:INFO:osjshC.ROOT:qtp1338823963-14: org.openqa.selenium.remote.server.WebDriverServlet-4e7dc304: Initialising WebDriverServlet
20:08:12.017 INFO - Found handler: org.openqa.selenium.remote.server.commandhandler.BeginSession@2c732d48
20:08:12.023 INFO - /session: Executing POST on /session (handler: BeginSession)
20:08:12.093 INFO - Capabilities are: Capabilities {acceptSslCerts: true, browserName: chrome, javascriptEnabled: true}
20:08:12.095 INFO - Capabilities {acceptSslCerts: true, browserName: chrome, javascriptEnabled: true} matched class org.openqa.selenium.remote.server.ServicedSession$Factory (provider: org.openqa.selenium.chrome.ChromeDriverService)
Starting ChromeDriver 2.34.522932 (4140ab217e1ca1bec0c4b4d1b148f3361eb3a03e) on port 19196
Only local connections are allowed.
20:08:14.283 INFO - Detected dialect: OSS
20:08:14.656 INFO - Found handler: org.openqa.selenium.remote.server.ServicedSession@52775dda
20:08:14.656 INFO - Handler thread for session 4dc73b0019880df53e97cb452d276c50 (chrome): Executing POST on /session/4dc73b0019880df53e97cb452d276c50/timeouts (handler: ServicedSession)
20:08:14.659 INFO - To upstream: {"type":"page load","ms":250000}
20:08:14.663 INFO - To downstream: {"sessionId":"4dc73b0019880df53e97cb452d276c50","status":0,"value":null}
20:08:14.666 INFO - Found handler: org.openqa.selenium.remote.server.ServicedSession@52775dda
20:08:14.666 INFO - Handler thread for session 4dc73b0019880df53e97cb452d276c50 (chrome): Executing POST on /session/4dc73b0019880df53e97cb452d276c50/timeouts (handler: ServicedSession)
20:08:14.667 INFO - To upstream: {"type":"script","ms":250000}
20:08:14.668 INFO - To downstream: {"sessionId":"4dc73b0019880df53e97cb452d276c50","status":0,"value":null}
20:08:14.670 INFO - Found handler: org.openqa.selenium.remote.server.ServicedSession@52775dda
20:08:14.671 INFO - Handler thread for session 4dc73b0019880df53e97cb452d276c50 (chrome): Executing POST on /session/4dc73b0019880df53e97cb452d276c50/timeouts (handler: ServicedSession)
20:08:14.671 INFO - To upstream: {"type":"implicit","ms":250000}
20:08:14.672 INFO - To downstream: {"sessionId":"4dc73b0019880df53e97cb452d276c50","status":0,"value":null}
20:08:14.675 INFO - Found handler: org.openqa.selenium.remote.server.ServicedSession@52775dda
20:08:14.675 INFO - Handler thread for session 4dc73b0019880df53e97cb452d276c50 (chrome): Executing POST on /session/4dc73b0019880df53e97cb452d276c50/url (handler: ServicedSession)
20:08:14.676 INFO - To upstream: {"url":"https://google.com"}
20:08:17.148 INFO - To downstream: {"sessionId":"4dc73b0019880df53e97cb452d276c50","status":0,"value":null}
20:08:17.152 INFO - Found handler: org.openqa.selenium.remote.server.ServicedSession@52775dda
20:08:17.152 INFO - Handler thread for session 4dc73b0019880df53e97cb452d276c50 (chrome): Executing DELETE on /session/4dc73b0019880df53e97cb452d276c50 (handler: ServicedSession)
20:08:17.209 INFO - To downstream: {"sessionId":"4dc73b0019880df53e97cb452d276c50","status":0,"value":null}
