#
# A fatal error has been detected by the Java Runtime Environment:
#
#  SIGBUS (0xa) at pc=0x00000001026ebe92, pid=10868, tid=0x000000000000a303
#
# JRE version: Java(TM) SE Runtime Environment (8.0_131-b11) (build 1.8.0_131-b11)
# Java VM: Java HotSpot(TM) 64-Bit Server VM (25.131-b11 mixed mode bsd-amd64 compressed oops)
# Problematic frame:
# C  [libzip.dylib+0x2e92]  newEntry+0x154
#
# Failed to write core dump. Core dumps have been disabled. To enable core dumping, try "ulimit -c unlimited" before starting Java again
#
# If you would like to submit a bug report, please visit:
#   http://bugreport.java.com/bugreport/crash.jsp
# The crash happened outside the Java Virtual Machine in native code.
# See problematic frame for where to report the bug.
#

---------------  T H R E A D  ---------------

Current thread (0x00007ff92881c000):  JavaThread "qtp654845766-17-acceptor-0@2f2eeb8e-ServerConnector@1c3a4799{HTTP/1.1,[http/1.1]}{0.0.0.0:4444}" [_thread_in_native, id=41731, stack(0x0000700009a0f000,0x0000700009b0f000)]

siginfo: si_signo: 10 (SIGBUS), si_code: 2 (BUS_ADRERR), si_addr: 0x000000010a247618

Registers:
RAX=0x00007ff926108a30, RBX=0x000000010a24760c, RCX=0x0000000000000001, RDX=0x0000000020000000
RSP=0x0000700009b0c1b0, RBP=0x0000700009b0c210, RSI=0x00000000e1ffffff, RDI=0x0000000000000379
R8 =0x000000009261379d, R9 =0x0000000000000004, R10=0x00000000e0000000, R11=0x00007ff926100000
R12=0x000000010a265000, R13=0x0000000000034840, R14=0x00000000c9cec6aa, R15=0x00007ff924c44fa0
RIP=0x00000001026ebe92, EFLAGS=0x0000000000010206, ERR=0x0000000000000004
  TRAPNO=0x000000000000000e

Top of Stack: (sp=0x0000700009b0c1b0)
0x0000700009b0c1b0:   0000700009b0c200 0000000003a4c8ec
0x0000700009b0c1c0:   0000000106227928 000000010cc8f3ec
0x0000700009b0c1d0:   0000700009b0c1f0 00007ff926108a30
0x0000700009b0c1e0:   00007ff926137980 00007ff926108a30
0x0000700009b0c1f0:   000000010a265000 0000000000034840
0x0000700009b0c200:   00000000c9cec6aa 00007ff924c44fa0
0x0000700009b0c210:   0000700009b0c270 00000001026ec52d
0x0000700009b0c220:   0000700009b0c2c4 0000700009b0c2c3
0x0000700009b0c230:   0000003400000000 000000350181c000
0x0000700009b0c240:   0000700009b0c28e 0000700009b0c6d8
0x0000700009b0c250:   0000000000000035 0000700009b0c28e
0x0000700009b0c260:   00007ff926108a30 00007ff92881c1f8
0x0000700009b0c270:   0000700009b0c6c0 00000001026eb238
0x0000700009b0c280:   000000010cbef890 726f000100000001
0x0000700009b0c290:   696e656c65732f67 74656a2f71686d75
0x0000700009b0c2a0:   4d2f6f692f397974 6553646567616e61
0x0000700009b0c2b0:   4124726f7463656c 6c632e7470656363
0x0000700009b0c2c0:   00007ff900737361 0000000106227928
0x0000700009b0c2d0:   0000000106227928 0000000106227928
0x0000700009b0c2e0:   000070000a3d9400 000000010ca689cf
0x0000700009b0c2f0:   000070000a3d9400 00007fff0a3d8550
0x0000700009b0c300:   0000000000000000 00007fff0a3d8550
0x0000700009b0c310:   000000010caab660 000000010caab660
0x0000700009b0c320:   0000700009b0d298 0000700009b0d260
0x0000700009b0c330:   0000700009b0c370 000000010ca71af3
0x0000700009b0c340:   000000010a3d7630 000000000a3d7630
0x0000700009b0c350:   0000700009b0c3b0 000000010ca667c0
0x0000700009b0c360:   00007000064577a8 0000700009b0d218
0x0000700009b0c370:   0000700009b0d260 0000700009b0d298
0x0000700009b0c380:   0000700009b0c3d0 00007fff55cecaa7
0x0000700009b0c390:   0000700009b0c4e0 0000700009b0d298
0x0000700009b0c3a0:   0000000000000000 0000000000000000 

Instructions: (pc=0x00000001026ebe92)
0x00000001026ebe72:   49 8b 7f 38 e8 5b 1b 00 00 4d 89 77 38 49 89 5f
0x00000001026ebe82:   40 4c 89 f0 48 85 c0 0f 84 11 05 00 00 48 89 c3
0x00000001026ebe92:   0f b6 43 0c 0f b6 4b 0d 48 c1 e1 08 48 01 c1 0f
0x00000001026ebea2:   b6 43 0e 0f b6 53 0f 48 c1 e2 08 48 01 c2 48 c1 

Register to memory mapping:

RAX=0x00007ff926108a30 is an unknown value
RBX=0x000000010a24760c is an unknown value
RCX=0x0000000000000001 is an unknown value
RDX=0x0000000020000000 is an unknown value
RSP=0x0000700009b0c1b0 is pointing into the stack for thread: 0x00007ff92881c000
RBP=0x0000700009b0c210 is pointing into the stack for thread: 0x00007ff92881c000
RSI=0x00000000e1ffffff is an unknown value
RDI=0x0000000000000379 is an unknown value
R8 =0x000000009261379d is an unknown value
R9 =0x0000000000000004 is an unknown value
R10=0x00000000e0000000 is an unknown value
R11=0x00007ff926100000 is an unknown value
R12=0x000000010a265000 is an unknown value
R13=0x0000000000034840 is an unknown value
R14=0x00000000c9cec6aa is an unknown value
R15=0x00007ff924c44fa0 is an unknown value


Stack: [0x0000700009a0f000,0x0000700009b0f000],  sp=0x0000700009b0c1b0,  free space=1012k
Native frames: (J=compiled Java code, j=interpreted, Vv=VM code, C=native code)
C  [libzip.dylib+0x2e92]  newEntry+0x154
C  [libzip.dylib+0x352d]  ZIP_GetEntry2+0xd4
C  [libzip.dylib+0x2238]  Java_java_util_zip_ZipFile_getEntry+0xcf
J 522  java.util.zip.ZipFile.getEntry(J[BZ)J (0 bytes) @ 0x000000010cd0fb8e [0x000000010cd0fac0+0xce]
J 552 C1 java.util.zip.ZipFile.getEntry(Ljava/lang/String;)Ljava/util/zip/ZipEntry; (86 bytes) @ 0x000000010cd1d40c [0x000000010cd1d1a0+0x26c]
J 580 C1 java.util.jar.JarFile.getEntry(Ljava/lang/String;)Ljava/util/zip/ZipEntry; (22 bytes) @ 0x000000010cd2e664 [0x000000010cd2e5e0+0x84]
J 569 C1 sun.misc.URLClassPath$JarLoader.getResource(Ljava/lang/String;Z)Lsun/misc/Resource; (85 bytes) @ 0x000000010cd27e9c [0x000000010cd27bc0+0x2dc]
J 567 C1 sun.misc.URLClassPath.getResource(Ljava/lang/String;Z)Lsun/misc/Resource; (83 bytes) @ 0x000000010cd244ac [0x000000010cd24340+0x16c]
J 571 C1 java.net.URLClassLoader$1.run()Ljava/lang/Class; (63 bytes) @ 0x000000010cd2673c [0x000000010cd26520+0x21c]
J 570 C1 java.net.URLClassLoader$1.run()Ljava/lang/Object; (5 bytes) @ 0x000000010cd22e8c [0x000000010cd22e00+0x8c]
v  ~StubRoutines::call_stub
V  [libjvm.dylib+0x2ee5b6]  JavaCalls::call_helper(JavaValue*, methodHandle*, JavaCallArguments*, Thread*)+0x6ae
V  [libjvm.dylib+0x34ed14]  JVM_DoPrivileged+0x4b8
J 516  java.security.AccessController.doPrivileged(Ljava/security/PrivilegedExceptionAction;Ljava/security/AccessControlContext;)Ljava/lang/Object; (0 bytes) @ 0x000000010cd0bd95 [0x000000010cd0bcc0+0xd5]
J 533 C1 java.net.URLClassLoader.findClass(Ljava/lang/String;)Ljava/lang/Class; (47 bytes) @ 0x000000010cd13b54 [0x000000010cd139c0+0x194]
J 283 C1 java.lang.ClassLoader.loadClass(Ljava/lang/String;Z)Ljava/lang/Class; (122 bytes) @ 0x000000010cc8f644 [0x000000010cc8ece0+0x964]
J 315 C1 sun.misc.Launcher$AppClassLoader.loadClass(Ljava/lang/String;Z)Ljava/lang/Class; (85 bytes) @ 0x000000010cca1d64 [0x000000010cca13c0+0x9a4]
J 314 C1 java.lang.ClassLoader.loadClass(Ljava/lang/String;)Ljava/lang/Class; (7 bytes) @ 0x000000010cca0c84 [0x000000010cca0b80+0x104]
v  ~StubRoutines::call_stub
V  [libjvm.dylib+0x2ee5b6]  JavaCalls::call_helper(JavaValue*, methodHandle*, JavaCallArguments*, Thread*)+0x6ae
V  [libjvm.dylib+0x2eed5a]  JavaCalls::call_virtual(JavaValue*, KlassHandle, Symbol*, Symbol*, JavaCallArguments*, Thread*)+0x164
V  [libjvm.dylib+0x2eeeb2]  JavaCalls::call_virtual(JavaValue*, Handle, KlassHandle, Symbol*, Symbol*, Handle, Thread*)+0x56
V  [libjvm.dylib+0x53ca02]  SystemDictionary::load_instance_class(Symbol*, Handle, Thread*)+0x2d8
V  [libjvm.dylib+0x53c1ca]  SystemDictionary::resolve_instance_class_or_null(Symbol*, Handle, Handle, Thread*)+0x484
V  [libjvm.dylib+0x53cc1e]  SystemDictionary::resolve_or_null(Symbol*, Handle, Handle, Thread*)+0x106
V  [libjvm.dylib+0x53d2d1]  SystemDictionary::resolve_or_fail(Symbol*, Handle, Handle, bool, Thread*)+0x31
V  [libjvm.dylib+0x1e334a]  ConstantPool::klass_at_impl(constantPoolHandle, int, Thread*)+0x2ee
V  [libjvm.dylib+0x1f379a]  ConstantPool::klass_at(int, Thread*)+0x92
V  [libjvm.dylib+0x2e9fd7]  InterpreterRuntime::_new(JavaThread*, ConstantPool*, int)+0x2d
j  org.seleniumhq.jetty9.io.SelectorManager.accept(Ljava/nio/channels/SelectableChannel;Ljava/lang/Object;)V+7
j  org.seleniumhq.jetty9.io.SelectorManager.accept(Ljava/nio/channels/SelectableChannel;)V+3
j  org.seleniumhq.jetty9.server.ServerConnector.accepted(Ljava/nio/channels/SocketChannel;)V+21
j  org.seleniumhq.jetty9.server.ServerConnector.accept(I)V+23
j  org.seleniumhq.jetty9.server.AbstractConnector$Acceptor.run()V+312
j  org.seleniumhq.jetty9.util.thread.QueuedThreadPool.runJob(Ljava/lang/Runnable;)V+1
j  org.seleniumhq.jetty9.util.thread.QueuedThreadPool$2.run()V+104
j  java.lang.Thread.run()V+11
v  ~StubRoutines::call_stub
V  [libjvm.dylib+0x2ee5b6]  JavaCalls::call_helper(JavaValue*, methodHandle*, JavaCallArguments*, Thread*)+0x6ae
V  [libjvm.dylib+0x2eed5a]  JavaCalls::call_virtual(JavaValue*, KlassHandle, Symbol*, Symbol*, JavaCallArguments*, Thread*)+0x164
V  [libjvm.dylib+0x2eef06]  JavaCalls::call_virtual(JavaValue*, Handle, KlassHandle, Symbol*, Symbol*, Thread*)+0x4a
V  [libjvm.dylib+0x34965d]  thread_entry(JavaThread*, Thread*)+0x7c
V  [libjvm.dylib+0x56b87f]  JavaThread::thread_main_inner()+0x9b
V  [libjvm.dylib+0x56cf6c]  JavaThread::run()+0x1c2
V  [libjvm.dylib+0x48b376]  java_start(Thread*)+0xf6
C  [libsystem_pthread.dylib+0x36c1]  _pthread_body+0x154
C  [libsystem_pthread.dylib+0x356d]  _pthread_body+0x0
C  [libsystem_pthread.dylib+0x2c5d]  thread_start+0xd
C  0x0000000000000000

Java frames: (J=compiled Java code, j=interpreted, Vv=VM code)
J 522  java.util.zip.ZipFile.getEntry(J[BZ)J (0 bytes) @ 0x000000010cd0fb18 [0x000000010cd0fac0+0x58]
J 552 C1 java.util.zip.ZipFile.getEntry(Ljava/lang/String;)Ljava/util/zip/ZipEntry; (86 bytes) @ 0x000000010cd1d40c [0x000000010cd1d1a0+0x26c]
J 580 C1 java.util.jar.JarFile.getEntry(Ljava/lang/String;)Ljava/util/zip/ZipEntry; (22 bytes) @ 0x000000010cd2e664 [0x000000010cd2e5e0+0x84]
J 569 C1 sun.misc.URLClassPath$JarLoader.getResource(Ljava/lang/String;Z)Lsun/misc/Resource; (85 bytes) @ 0x000000010cd27e9c [0x000000010cd27bc0+0x2dc]
J 567 C1 sun.misc.URLClassPath.getResource(Ljava/lang/String;Z)Lsun/misc/Resource; (83 bytes) @ 0x000000010cd244ac [0x000000010cd24340+0x16c]
J 571 C1 java.net.URLClassLoader$1.run()Ljava/lang/Class; (63 bytes) @ 0x000000010cd2673c [0x000000010cd26520+0x21c]
J 570 C1 java.net.URLClassLoader$1.run()Ljava/lang/Object; (5 bytes) @ 0x000000010cd22e8c [0x000000010cd22e00+0x8c]
v  ~StubRoutines::call_stub
J 516  java.security.AccessController.doPrivileged(Ljava/security/PrivilegedExceptionAction;Ljava/security/AccessControlContext;)Ljava/lang/Object; (0 bytes) @ 0x000000010cd0bd23 [0x000000010cd0bcc0+0x63]
J 533 C1 java.net.URLClassLoader.findClass(Ljava/lang/String;)Ljava/lang/Class; (47 bytes) @ 0x000000010cd13b54 [0x000000010cd139c0+0x194]
J 283 C1 java.lang.ClassLoader.loadClass(Ljava/lang/String;Z)Ljava/lang/Class; (122 bytes) @ 0x000000010cc8f644 [0x000000010cc8ece0+0x964]
J 315 C1 sun.misc.Launcher$AppClassLoader.loadClass(Ljava/lang/String;Z)Ljava/lang/Class; (85 bytes) @ 0x000000010cca1d64 [0x000000010cca13c0+0x9a4]
J 314 C1 java.lang.ClassLoader.loadClass(Ljava/lang/String;)Ljava/lang/Class; (7 bytes) @ 0x000000010cca0c84 [0x000000010cca0b80+0x104]
v  ~StubRoutines::call_stub
j  org.seleniumhq.jetty9.io.SelectorManager.accept(Ljava/nio/channels/SelectableChannel;Ljava/lang/Object;)V+7
j  org.seleniumhq.jetty9.io.SelectorManager.accept(Ljava/nio/channels/SelectableChannel;)V+3
j  org.seleniumhq.jetty9.server.ServerConnector.accepted(Ljava/nio/channels/SocketChannel;)V+21
j  org.seleniumhq.jetty9.server.ServerConnector.accept(I)V+23
j  org.seleniumhq.jetty9.server.AbstractConnector$Acceptor.run()V+312
j  org.seleniumhq.jetty9.util.thread.QueuedThreadPool.runJob(Ljava/lang/Runnable;)V+1
j  org.seleniumhq.jetty9.util.thread.QueuedThreadPool$2.run()V+104
j  java.lang.Thread.run()V+11
v  ~StubRoutines::call_stub

---------------  P R O C E S S  ---------------

Java Threads: ( => current thread )
  0x00007ff927808800 JavaThread "DestroyJavaVM" [_thread_blocked, id=9731, stack(0x0000700008041000,0x0000700008141000)]
  0x00007ff929025000 JavaThread "qtp654845766-18" [_thread_blocked, id=23811, stack(0x0000700009b12000,0x0000700009c12000)]
=>0x00007ff92881c000 JavaThread "qtp654845766-17-acceptor-0@2f2eeb8e-ServerConnector@1c3a4799{HTTP/1.1,[http/1.1]}{0.0.0.0:4444}" [_thread_in_native, id=41731, stack(0x0000700009a0f000,0x0000700009b0f000)]
  0x00007ff928815800 JavaThread "qtp654845766-16" [_thread_in_native, id=23299, stack(0x000070000990c000,0x0000700009a0c000)]
  0x00007ff928001000 JavaThread "qtp654845766-15" [_thread_blocked, id=42499, stack(0x0000700009809000,0x0000700009909000)]
  0x00007ff927805800 JavaThread "qtp654845766-14" [_thread_in_native, id=43011, stack(0x0000700009706000,0x0000700009806000)]
  0x00007ff927805000 JavaThread "qtp654845766-13" [_thread_in_native, id=23043, stack(0x0000700009603000,0x0000700009703000)]
  0x00007ff927804000 JavaThread "qtp654845766-12" [_thread_blocked, id=22531, stack(0x0000700009500000,0x0000700009600000)]
  0x00007ff927850000 JavaThread "qtp654845766-11" [_thread_in_native, id=22019, stack(0x00007000093fd000,0x00007000094fd000)]
  0x00007ff928800000 JavaThread "Service Thread" daemon [_thread_blocked, id=15363, stack(0x00007000091f7000,0x00007000092f7000)]
  0x00007ff927032000 JavaThread "C1 CompilerThread3" daemon [_thread_blocked, id=15875, stack(0x00007000090f4000,0x00007000091f4000)]
  0x00007ff927017000 JavaThread "C2 CompilerThread2" daemon [_thread_blocked, id=14595, stack(0x0000700008ff1000,0x00007000090f1000)]
  0x00007ff927016800 JavaThread "C2 CompilerThread1" daemon [_thread_blocked, id=16643, stack(0x0000700008eee000,0x0000700008fee000)]
  0x00007ff925817000 JavaThread "C2 CompilerThread0" daemon [_thread_blocked, id=16899, stack(0x0000700008deb000,0x0000700008eeb000)]
  0x00007ff925835800 JavaThread "Signal Dispatcher" daemon [_thread_blocked, id=14091, stack(0x0000700008ce8000,0x0000700008de8000)]
  0x00007ff92702a800 JavaThread "Finalizer" daemon [_thread_blocked, id=13059, stack(0x0000700008b62000,0x0000700008c62000)]
  0x00007ff927027800 JavaThread "Reference Handler" daemon [_thread_blocked, id=19971, stack(0x0000700008a5f000,0x0000700008b5f000)]

Other Threads:
  0x00007ff927023000 VMThread [stack: 0x000070000895c000,0x0000700008a5c000] [id=12291]
  0x00007ff928802000 WatcherThread [stack: 0x00007000092fa000,0x00007000093fa000] [id=15107]

VM state:not at safepoint (normal execution)

VM Mutex/Monitor currently owned by a thread: None

Heap:
 PSYoungGen      total 76288K, used 27600K [0x000000076ab00000, 0x0000000770000000, 0x00000007c0000000)
  eden space 65536K, 42% used [0x000000076ab00000,0x000000076c5f40a8,0x000000076eb00000)
  from space 10752K, 0% used [0x000000076f580000,0x000000076f580000,0x0000000770000000)
  to   space 10752K, 0% used [0x000000076eb00000,0x000000076eb00000,0x000000076f580000)
 ParOldGen       total 175104K, used 0K [0x00000006c0000000, 0x00000006cab00000, 0x000000076ab00000)
  object space 175104K, 0% used [0x00000006c0000000,0x00000006c0000000,0x00000006cab00000)
 Metaspace       used 10504K, capacity 10740K, committed 10880K, reserved 1058816K
  class space    used 1282K, capacity 1382K, committed 1408K, reserved 1048576K

Card table byte_map: [0x0000000104b63000,0x0000000105364000] byte_map_base: 0x0000000101563000

Marking Bits: (ParMarkBitMap*) 0x00000001040f1ea0
 Begin Bits: [0x000000011baf4000, 0x000000011faf4000)
 End Bits:   [0x000000011faf4000, 0x0000000123af4000)

Polling page: 0x000000010269f000

CodeCache: size=245760Kb used=2766Kb max_used=2766Kb free=242993Kb
 bounds [0x000000010caf4000, 0x000000010cdb4000, 0x000000011baf4000]
 total_blobs=1101 nmethods=744 adapters=271
 compilation: enabled

Compilation events (10 events):
Event: 1800.649 Thread 0x00007ff927032000  740       3       java.util.concurrent.locks.ReentrantLock$Sync::tryRelease (45 bytes)
Event: 1800.650 Thread 0x00007ff927032000 nmethod 740 0x000000010cda66d0 code [0x000000010cda6860, 0x000000010cda6e08]
Event: 1920.655 Thread 0x00007ff927032000  742       3       java.util.concurrent.locks.ReentrantLock$NonfairSync::tryAcquire (6 bytes)
Event: 1920.655 Thread 0x00007ff927032000 nmethod 742 0x000000010cda6f50 code [0x000000010cda70c0, 0x000000010cda72c8]
Event: 1920.655 Thread 0x00007ff927032000  741       3       java.util.concurrent.locks.AbstractQueuedSynchronizer$Node::predecessor (19 bytes)
Event: 1920.655 Thread 0x00007ff927032000 nmethod 741 0x000000010cda7350 code [0x000000010cda74c0, 0x000000010cda7708]
Event: 1936.068 Thread 0x00007ff927032000  743       3       java.lang.invoke.InvokerBytecodeGenerator::getInternalName (75 bytes)
Event: 1936.069 Thread 0x00007ff927032000 nmethod 743 0x000000010cda77d0 code [0x000000010cda7980, 0x000000010cda7e78]
Event: 1936.071 Thread 0x00007ff927032000  744       3       java.lang.invoke.LambdaForm::uncustomize (58 bytes)
Event: 1936.072 Thread 0x00007ff927032000 nmethod 744 0x000000010cda7f90 code [0x000000010cda8100, 0x000000010cda83b0]

GC Heap History (0 events):
No events

Deoptimization events (2 events):
Event: 0.417 Thread 0x00007ff927001800 Uncommon trap: reason=unstable_if action=reinterpret pc=0x000000010ccbe78c method=java.lang.String.replace(CC)Ljava/lang/String; @ 2
Event: 0.508 Thread 0x00007ff927001800 Uncommon trap: reason=unstable_if action=reinterpret pc=0x000000010cca7574 method=java.lang.String.startsWith(Ljava/lang/String;I)Z @ 25

Internal exceptions (10 events):
Event: 0.313 Thread 0x00007ff927001800 Exception <a 'java/lang/ArrayIndexOutOfBoundsException'> (0x000000076b17ced8) thrown at [/Users/java_re/workspace/8-2-build-macosx-x86_64/jdk8u131/8869/hotspot/src/share/vm/runtime/sharedRuntime.cpp, line 605]
Event: 0.313 Thread 0x00007ff927001800 Exception <a 'java/lang/ArrayIndexOutOfBoundsException'> (0x000000076b17dc50) thrown at [/Users/java_re/workspace/8-2-build-macosx-x86_64/jdk8u131/8869/hotspot/src/share/vm/runtime/sharedRuntime.cpp, line 605]
Event: 0.313 Thread 0x00007ff927001800 Exception <a 'java/lang/ArrayIndexOutOfBoundsException'> (0x000000076b17ec08) thrown at [/Users/java_re/workspace/8-2-build-macosx-x86_64/jdk8u131/8869/hotspot/src/share/vm/runtime/sharedRuntime.cpp, line 605]
Event: 0.314 Thread 0x00007ff927001800 Exception <a 'java/lang/ArrayIndexOutOfBoundsException'> (0x000000076b180468) thrown at [/Users/java_re/workspace/8-2-build-macosx-x86_64/jdk8u131/8869/hotspot/src/share/vm/runtime/sharedRuntime.cpp, line 605]
Event: 0.322 Thread 0x00007ff927001800 Exception <a 'java/lang/ArrayIndexOutOfBoundsException'> (0x000000076b1a84b0) thrown at [/Users/java_re/workspace/8-2-build-macosx-x86_64/jdk8u131/8869/hotspot/src/share/vm/runtime/sharedRuntime.cpp, line 605]
Event: 0.322 Thread 0x00007ff927001800 Exception <a 'java/lang/ArrayIndexOutOfBoundsException'> (0x000000076b1a9718) thrown at [/Users/java_re/workspace/8-2-build-macosx-x86_64/jdk8u131/8869/hotspot/src/share/vm/runtime/sharedRuntime.cpp, line 605]
Event: 0.323 Thread 0x00007ff927001800 Exception <a 'java/lang/ArrayIndexOutOfBoundsException'> (0x000000076b1aacb0) thrown at [/Users/java_re/workspace/8-2-build-macosx-x86_64/jdk8u131/8869/hotspot/src/share/vm/runtime/sharedRuntime.cpp, line 605]
Event: 0.328 Thread 0x00007ff927001800 Exception <a 'java/lang/ArrayIndexOutOfBoundsException'> (0x000000076b1d0628) thrown at [/Users/java_re/workspace/8-2-build-macosx-x86_64/jdk8u131/8869/hotspot/src/share/vm/runtime/sharedRuntime.cpp, line 605]
Event: 0.336 Thread 0x00007ff927001800 Exception <a 'java/lang/ArrayIndexOutOfBoundsException'> (0x000000076b1e1118) thrown at [/Users/java_re/workspace/8-2-build-macosx-x86_64/jdk8u131/8869/hotspot/src/share/vm/runtime/sharedRuntime.cpp, line 605]
Event: 0.384 Thread 0x00007ff927001800 Exception <a 'java/lang/NoClassDefFoundError': org/slf4j/Logger> (0x000000076b2f34d8) thrown at [/Users/java_re/workspace/8-2-build-macosx-x86_64/jdk8u131/8869/hotspot/src/share/vm/classfile/systemDictionary.cpp, line 199]

Events (10 events):
Event: 1936.060 loading class java/net/Socket done
Event: 1936.060 loading class sun/nio/ch/SocketAdaptor done
Event: 1936.061 loading class sun/nio/ch/SocketChannelImpl$DefaultOptionsHolder
Event: 1936.061 loading class sun/nio/ch/SocketChannelImpl$DefaultOptionsHolder done
Event: 1936.061 loading class sun/net/ExtendedOptionsImpl
Event: 1936.061 loading class sun/net/ExtendedOptionsImpl done
Event: 1936.074 loading class jdk/net/SocketFlow$Status
Event: 1936.074 loading class jdk/net/SocketFlow$Status done
Event: 1936.077 loading class org/seleniumhq/jetty9/io/ManagedSelector$Accept
Event: 1936.077 loading class org/seleniumhq/jetty9/io/ManagedSelector$Accept done


Dynamic libraries:
0x000000000691b000 	/System/Library/Frameworks/Cocoa.framework/Versions/A/Cocoa
0x000000000691b000 	/System/Library/Frameworks/Security.framework/Versions/A/Security
0x000000000691b000 	/System/Library/Frameworks/ApplicationServices.framework/Versions/A/ApplicationServices
0x000000000691b000 	/usr/lib/libz.1.dylib
0x000000000691b000 	/usr/lib/libSystem.B.dylib
0x000000000691b000 	/usr/lib/libobjc.A.dylib
0x000000000691b000 	/System/Library/Frameworks/CoreFoundation.framework/Versions/A/CoreFoundation
0x000000000691b000 	/System/Library/Frameworks/Foundation.framework/Versions/C/Foundation
0x000000000691b000 	/System/Library/Frameworks/AppKit.framework/Versions/C/AppKit
0x000000000691b000 	/System/Library/Frameworks/CoreData.framework/Versions/A/CoreData
0x000000000691b000 	/System/Library/PrivateFrameworks/RemoteViewServices.framework/Versions/A/RemoteViewServices
0x000000000691b000 	/System/Library/PrivateFrameworks/UIFoundation.framework/Versions/A/UIFoundation
0x000000000691b000 	/System/Library/PrivateFrameworks/DFRFoundation.framework/Versions/A/DFRFoundation
0x000000000691b000 	/System/Library/Frameworks/Metal.framework/Versions/A/Metal
0x000000000691b000 	/System/Library/PrivateFrameworks/DesktopServicesPriv.framework/Versions/A/DesktopServicesPriv
0x000000000691b000 	/usr/lib/libenergytrace.dylib
0x000000000691b000 	/System/Library/PrivateFrameworks/SkyLight.framework/Versions/A/SkyLight
0x000000000691b000 	/System/Library/Frameworks/CoreGraphics.framework/Versions/A/CoreGraphics
0x000000000691b000 	/usr/lib/libScreenReader.dylib
0x000000000691b000 	/System/Library/Frameworks/Accelerate.framework/Versions/A/Accelerate
0x000000000691b000 	/System/Library/Frameworks/IOSurface.framework/Versions/A/IOSurface
0x000000000691b000 	/System/Library/Frameworks/AudioToolbox.framework/Versions/A/AudioToolbox
0x000000000691b000 	/System/Library/Frameworks/AudioUnit.framework/Versions/A/AudioUnit
0x000000000691b000 	/System/Library/PrivateFrameworks/DataDetectorsCore.framework/Versions/A/DataDetectorsCore
0x000000000691b000 	/System/Library/Frameworks/Carbon.framework/Versions/A/Frameworks/HIToolbox.framework/Versions/A/HIToolbox
0x000000000691b000 	/usr/lib/libicucore.A.dylib
0x000000000691b000 	/System/Library/Frameworks/QuartzCore.framework/Versions/A/QuartzCore
0x000000000691b000 	/System/Library/Frameworks/Carbon.framework/Versions/A/Frameworks/SpeechRecognition.framework/Versions/A/SpeechRecognition
0x000000000691b000 	/usr/lib/libauto.dylib
0x000000000691b000 	/usr/lib/libxml2.2.dylib
0x000000000691b000 	/System/Library/PrivateFrameworks/CoreUI.framework/Versions/A/CoreUI
0x000000000691b000 	/System/Library/Frameworks/CoreAudio.framework/Versions/A/CoreAudio
0x000000000691b000 	/System/Library/Frameworks/DiskArbitration.framework/Versions/A/DiskArbitration
0x000000000691b000 	/usr/lib/liblangid.dylib
0x000000000691b000 	/System/Library/PrivateFrameworks/MultitouchSupport.framework/Versions/A/MultitouchSupport
0x000000000691b000 	/System/Library/Frameworks/IOKit.framework/Versions/A/IOKit
0x000000000691b000 	/usr/lib/libDiagnosticMessagesClient.dylib
0x000000000691b000 	/System/Library/Frameworks/CoreServices.framework/Versions/A/CoreServices
0x000000000691b000 	/System/Library/PrivateFrameworks/PerformanceAnalysis.framework/Versions/A/PerformanceAnalysis
0x000000000691b000 	/System/Library/Frameworks/OpenGL.framework/Versions/A/OpenGL
0x000000000691b000 	/System/Library/Frameworks/ColorSync.framework/Versions/A/ColorSync
0x000000000691b000 	/System/Library/Frameworks/CoreImage.framework/Versions/A/CoreImage
0x000000000691b000 	/System/Library/Frameworks/CoreText.framework/Versions/A/CoreText
0x000000000691b000 	/System/Library/Frameworks/ImageIO.framework/Versions/A/ImageIO
0x000000000691b000 	/System/Library/PrivateFrameworks/Backup.framework/Versions/A/Backup
0x000000000691b000 	/usr/lib/libarchive.2.dylib
0x000000000691b000 	/System/Library/Frameworks/CFNetwork.framework/Versions/A/CFNetwork
0x000000000691b000 	/System/Library/Frameworks/SystemConfiguration.framework/Versions/A/SystemConfiguration
0x000000000691b000 	/usr/lib/libCRFSuite.dylib
0x000000000691b000 	/usr/lib/libc++.1.dylib
0x000000000691b000 	/usr/lib/libc++abi.dylib
0x000000000691b000 	/usr/lib/system/libcache.dylib
0x000000000691b000 	/usr/lib/system/libcommonCrypto.dylib
0x000000000691b000 	/usr/lib/system/libcompiler_rt.dylib
0x000000000691b000 	/usr/lib/system/libcopyfile.dylib
0x000000000691b000 	/usr/lib/system/libcorecrypto.dylib
0x000000000691b000 	/usr/lib/system/libdispatch.dylib
0x000000000691b000 	/usr/lib/system/libdyld.dylib
0x000000000691b000 	/usr/lib/system/libkeymgr.dylib
0x000000000691b000 	/usr/lib/system/liblaunch.dylib
0x000000000691b000 	/usr/lib/system/libmacho.dylib
0x000000000691b000 	/usr/lib/system/libquarantine.dylib
0x000000000691b000 	/usr/lib/system/libremovefile.dylib
0x000000000691b000 	/usr/lib/system/libsystem_asl.dylib
0x000000000691b000 	/usr/lib/system/libsystem_blocks.dylib
0x000000000691b000 	/usr/lib/system/libsystem_c.dylib
0x000000000691b000 	/usr/lib/system/libsystem_configuration.dylib
0x000000000691b000 	/usr/lib/system/libsystem_coreservices.dylib
0x000000000691b000 	/usr/lib/system/libsystem_darwin.dylib
0x000000000691b000 	/usr/lib/system/libsystem_dnssd.dylib
0x000000000691b000 	/usr/lib/system/libsystem_info.dylib
0x000000000691b000 	/usr/lib/system/libsystem_m.dylib
0x000000000691b000 	/usr/lib/system/libsystem_malloc.dylib
0x000000000691b000 	/usr/lib/system/libsystem_network.dylib
0x000000000691b000 	/usr/lib/system/libsystem_networkextension.dylib
0x000000000691b000 	/usr/lib/system/libsystem_notify.dylib
0x000000000691b000 	/usr/lib/system/libsystem_sandbox.dylib
0x000000000691b000 	/usr/lib/system/libsystem_secinit.dylib
0x000000000691b000 	/usr/lib/system/libsystem_kernel.dylib
0x000000000691b000 	/usr/lib/system/libsystem_platform.dylib
0x000000000691b000 	/usr/lib/system/libsystem_pthread.dylib
0x000000000691b000 	/usr/lib/system/libsystem_symptoms.dylib
0x000000000691b000 	/usr/lib/system/libsystem_trace.dylib
0x000000000691b000 	/usr/lib/system/libunwind.dylib
0x000000000691b000 	/usr/lib/system/libxpc.dylib
0x000000000691b000 	/usr/lib/closure/libclosured.dylib
0x000000000691b000 	/usr/lib/libbsm.0.dylib
0x000000000691b000 	/usr/lib/system/libkxld.dylib
0x000000000691b000 	/usr/lib/libOpenScriptingUtil.dylib
0x000000000691b000 	/usr/lib/libcoretls.dylib
0x000000000691b000 	/usr/lib/libcoretls_cfhelpers.dylib
0x000000000691b000 	/usr/lib/libpam.2.dylib
0x000000000691b000 	/usr/lib/libsqlite3.dylib
0x000000000691b000 	/usr/lib/libxar.1.dylib
0x000000000691b000 	/usr/lib/libbz2.1.0.dylib
0x000000000691b000 	/usr/lib/liblzma.5.dylib
0x000000000691b000 	/usr/lib/libnetwork.dylib
0x000000000691b000 	/usr/lib/libapple_nghttp2.dylib
0x000000000691b000 	/usr/lib/libpcap.A.dylib
0x000000000691b000 	/usr/lib/libboringssl.dylib
0x000000000691b000 	/usr/lib/libusrtcp.dylib
0x000000000691b000 	/usr/lib/libapple_crypto.dylib
0x000000000691b000 	/System/Library/Frameworks/CoreServices.framework/Versions/A/Frameworks/FSEvents.framework/Versions/A/FSEvents
0x000000000691b000 	/System/Library/Frameworks/CoreServices.framework/Versions/A/Frameworks/CarbonCore.framework/Versions/A/CarbonCore
0x000000000691b000 	/System/Library/Frameworks/CoreServices.framework/Versions/A/Frameworks/Metadata.framework/Versions/A/Metadata
0x000000000691b000 	/System/Library/Frameworks/CoreServices.framework/Versions/A/Frameworks/OSServices.framework/Versions/A/OSServices
0x000000000691b000 	/System/Library/Frameworks/CoreServices.framework/Versions/A/Frameworks/SearchKit.framework/Versions/A/SearchKit
0x000000000691b000 	/System/Library/Frameworks/CoreServices.framework/Versions/A/Frameworks/AE.framework/Versions/A/AE
0x000000000691b000 	/System/Library/Frameworks/CoreServices.framework/Versions/A/Frameworks/LaunchServices.framework/Versions/A/LaunchServices
0x000000000691b000 	/System/Library/Frameworks/CoreServices.framework/Versions/A/Frameworks/DictionaryServices.framework/Versions/A/DictionaryServices
0x000000000691b000 	/System/Library/Frameworks/CoreServices.framework/Versions/A/Frameworks/SharedFileList.framework/Versions/A/SharedFileList
0x000000000691b000 	/System/Library/Frameworks/NetFS.framework/Versions/A/NetFS
0x000000000691b000 	/System/Library/PrivateFrameworks/NetAuth.framework/Versions/A/NetAuth
0x000000000691b000 	/System/Library/PrivateFrameworks/login.framework/Versions/A/Frameworks/loginsupport.framework/Versions/A/loginsupport
0x000000000691b000 	/System/Library/PrivateFrameworks/TCC.framework/Versions/A/TCC
0x000000000691b000 	/usr/lib/libmecabra.dylib
0x000000000691b000 	/System/Library/Frameworks/ApplicationServices.framework/Versions/A/Frameworks/ATS.framework/Versions/A/ATS
0x000000000691b000 	/System/Library/Frameworks/ApplicationServices.framework/Versions/A/Frameworks/ColorSyncLegacy.framework/Versions/A/ColorSyncLegacy
0x000000000691b000 	/System/Library/Frameworks/ApplicationServices.framework/Versions/A/Frameworks/HIServices.framework/Versions/A/HIServices
0x000000000691b000 	/System/Library/Frameworks/ApplicationServices.framework/Versions/A/Frameworks/LangAnalysis.framework/Versions/A/LangAnalysis
0x000000000691b000 	/System/Library/Frameworks/ApplicationServices.framework/Versions/A/Frameworks/PrintCore.framework/Versions/A/PrintCore
0x000000000691b000 	/System/Library/Frameworks/ApplicationServices.framework/Versions/A/Frameworks/QD.framework/Versions/A/QD
0x000000000691b000 	/System/Library/Frameworks/ApplicationServices.framework/Versions/A/Frameworks/SpeechSynthesis.framework/Versions/A/SpeechSynthesis
0x000000000691b000 	/System/Library/Frameworks/CoreDisplay.framework/Versions/A/CoreDisplay
0x000000000691b000 	/System/Library/Frameworks/Accelerate.framework/Versions/A/Frameworks/vImage.framework/Versions/A/vImage
0x000000000691b000 	/System/Library/Frameworks/Accelerate.framework/Versions/A/Frameworks/vecLib.framework/Versions/A/vecLib
0x000000000691b000 	/System/Library/Frameworks/Accelerate.framework/Versions/A/Frameworks/vecLib.framework/Versions/A/libvDSP.dylib
0x000000000691b000 	/System/Library/Frameworks/Accelerate.framework/Versions/A/Frameworks/vecLib.framework/Versions/A/libBNNS.dylib
0x000000000691b000 	/System/Library/Frameworks/Accelerate.framework/Versions/A/Frameworks/vecLib.framework/Versions/A/libQuadrature.dylib
0x000000000691b000 	/System/Library/Frameworks/Accelerate.framework/Versions/A/Frameworks/vecLib.framework/Versions/A/libvMisc.dylib
0x000000000691b000 	/System/Library/Frameworks/Accelerate.framework/Versions/A/Frameworks/vecLib.framework/Versions/A/libLAPACK.dylib
0x000000000691b000 	/System/Library/Frameworks/Accelerate.framework/Versions/A/Frameworks/vecLib.framework/Versions/A/libBLAS.dylib
0x000000000691b000 	/System/Library/Frameworks/Accelerate.framework/Versions/A/Frameworks/vecLib.framework/Versions/A/libLinearAlgebra.dylib
0x000000000691b000 	/System/Library/Frameworks/Accelerate.framework/Versions/A/Frameworks/vecLib.framework/Versions/A/libSparse.dylib
0x000000000691b000 	/System/Library/Frameworks/Accelerate.framework/Versions/A/Frameworks/vecLib.framework/Versions/A/libSparseBLAS.dylib
0x000000000691b000 	/System/Library/PrivateFrameworks/IOAccelerator.framework/Versions/A/IOAccelerator
0x000000000691b000 	/System/Library/PrivateFrameworks/IOPresentment.framework/Versions/A/IOPresentment
0x000000000691b000 	/System/Library/PrivateFrameworks/DSExternalDisplay.framework/Versions/A/DSExternalDisplay
0x000000000691b000 	/System/Library/Frameworks/OpenGL.framework/Versions/A/Libraries/libCoreFSCache.dylib
0x000000000691b000 	/System/Library/Frameworks/CoreVideo.framework/Versions/A/CoreVideo
0x000000000691b000 	/System/Library/PrivateFrameworks/GraphVisualizer.framework/Versions/A/GraphVisualizer
0x000000000691b000 	/System/Library/Frameworks/MetalPerformanceShaders.framework/Versions/A/MetalPerformanceShaders
0x000000000691b000 	/usr/lib/libFosl_dynamic.dylib
0x000000000691b000 	/System/Library/PrivateFrameworks/FaceCore.framework/Versions/A/FaceCore
0x000000000691b000 	/System/Library/Frameworks/OpenCL.framework/Versions/A/OpenCL
0x000000000691b000 	/usr/lib/libcompression.dylib
0x000000000691b000 	/System/Library/Frameworks/ApplicationServices.framework/Versions/A/Frameworks/ATS.framework/Versions/A/Resources/libFontParser.dylib
0x000000000691b000 	/System/Library/Frameworks/ApplicationServices.framework/Versions/A/Frameworks/ATS.framework/Versions/A/Resources/libFontRegistry.dylib
0x000000000691b000 	/System/Library/Frameworks/ImageIO.framework/Versions/A/Resources/libJPEG.dylib
0x000000000691b000 	/System/Library/Frameworks/ImageIO.framework/Versions/A/Resources/libTIFF.dylib
0x000000000691b000 	/System/Library/Frameworks/ImageIO.framework/Versions/A/Resources/libPng.dylib
0x000000000691b000 	/System/Library/Frameworks/ImageIO.framework/Versions/A/Resources/libGIF.dylib
0x000000000691b000 	/System/Library/Frameworks/ImageIO.framework/Versions/A/Resources/libJP2.dylib
0x000000000691b000 	/System/Library/Frameworks/ImageIO.framework/Versions/A/Resources/libRadiance.dylib
0x000000000691b000 	/System/Library/PrivateFrameworks/AppleJPEG.framework/Versions/A/AppleJPEG
0x000000000691b000 	/System/Library/PrivateFrameworks/MetalTools.framework/Versions/A/MetalTools
0x000000000691b000 	/System/Library/Frameworks/MetalPerformanceShaders.framework/Frameworks/MPSCore.framework/Versions/A/MPSCore
0x000000000691b000 	/System/Library/Frameworks/MetalPerformanceShaders.framework/Frameworks/MPSImage.framework/Versions/A/MPSImage
0x000000000691b000 	/System/Library/Frameworks/MetalPerformanceShaders.framework/Frameworks/MPSMatrix.framework/Versions/A/MPSMatrix
0x000000000691b000 	/System/Library/Frameworks/MetalPerformanceShaders.framework/Frameworks/MPSNeuralNetwork.framework/Versions/A/MPSNeuralNetwork
0x000000000691b000 	/System/Library/Frameworks/OpenGL.framework/Versions/A/Libraries/libGLU.dylib
0x000000000691b000 	/System/Library/Frameworks/OpenGL.framework/Versions/A/Libraries/libGFXShared.dylib
0x000000000691b000 	/System/Library/Frameworks/OpenGL.framework/Versions/A/Libraries/libGL.dylib
0x000000000691b000 	/System/Library/Frameworks/OpenGL.framework/Versions/A/Libraries/libGLImage.dylib
0x000000000691b000 	/System/Library/Frameworks/OpenGL.framework/Versions/A/Libraries/libCVMSPluginSupport.dylib
0x000000000691b000 	/System/Library/Frameworks/OpenGL.framework/Versions/A/Libraries/libCoreVMClient.dylib
0x000000000691b000 	/usr/lib/libcups.2.dylib
0x000000000691b000 	/System/Library/Frameworks/Kerberos.framework/Versions/A/Kerberos
0x000000000691b000 	/System/Library/Frameworks/GSS.framework/Versions/A/GSS
0x000000000691b000 	/usr/lib/libresolv.9.dylib
0x000000000691b000 	/usr/lib/libiconv.2.dylib
0x000000000691b000 	/System/Library/PrivateFrameworks/Heimdal.framework/Versions/A/Heimdal
0x000000000691b000 	/usr/lib/libheimdal-asn1.dylib
0x000000000691b000 	/System/Library/Frameworks/OpenDirectory.framework/Versions/A/OpenDirectory
0x000000000691b000 	/System/Library/PrivateFrameworks/CommonAuth.framework/Versions/A/CommonAuth
0x000000000691b000 	/System/Library/Frameworks/OpenDirectory.framework/Versions/A/Frameworks/CFOpenDirectory.framework/Versions/A/CFOpenDirectory
0x000000000691b000 	/System/Library/Frameworks/SecurityFoundation.framework/Versions/A/SecurityFoundation
0x000000000691b000 	/System/Library/PrivateFrameworks/APFS.framework/Versions/A/APFS
0x000000000691b000 	/usr/lib/libutil.dylib
0x000000000691b000 	/System/Library/PrivateFrameworks/AppleSauce.framework/Versions/A/AppleSauce
0x000000000691b000 	/System/Library/PrivateFrameworks/LinguisticData.framework/Versions/A/LinguisticData
0x000000000691b000 	/usr/lib/libmarisa.dylib
0x000000000691b000 	/System/Library/PrivateFrameworks/Lexicon.framework/Versions/A/Lexicon
0x000000000691b000 	/usr/lib/libChineseTokenizer.dylib
0x000000000691b000 	/usr/lib/libcmph.dylib
0x000000000691b000 	/System/Library/PrivateFrameworks/LanguageModeling.framework/Versions/A/LanguageModeling
0x000000000691b000 	/System/Library/PrivateFrameworks/CoreEmoji.framework/Versions/A/CoreEmoji
0x000000000691b000 	/System/Library/Frameworks/ServiceManagement.framework/Versions/A/ServiceManagement
0x000000000691b000 	/System/Library/PrivateFrameworks/BackgroundTaskManagement.framework/Versions/A/BackgroundTaskManagement
0x000000000691b000 	/usr/lib/libxslt.1.dylib
0x000000000691b000 	/System/Library/Frameworks/Carbon.framework/Versions/A/Frameworks/Ink.framework/Versions/A/Ink
0x000000000691b000 	/System/Library/PrivateFrameworks/TextureIO.framework/Versions/A/TextureIO
0x000000000691b000 	/usr/lib/libate.dylib
0x000000000691b000 	/System/Library/PrivateFrameworks/CrashReporterSupport.framework/Versions/A/CrashReporterSupport
0x000000000691b000 	/System/Library/PrivateFrameworks/Sharing.framework/Versions/A/Sharing
0x000000000691b000 	/System/Library/PrivateFrameworks/IconServices.framework/Versions/A/IconServices
0x000000000691b000 	/System/Library/PrivateFrameworks/ProtocolBuffer.framework/Versions/A/ProtocolBuffer
0x000000000691b000 	/System/Library/PrivateFrameworks/Apple80211.framework/Versions/A/Apple80211
0x000000000691b000 	/System/Library/Frameworks/CoreWLAN.framework/Versions/A/CoreWLAN
0x000000000691b000 	/System/Library/PrivateFrameworks/CoreUtils.framework/Versions/A/CoreUtils
0x000000000691b000 	/System/Library/Frameworks/IOBluetooth.framework/Versions/A/IOBluetooth
0x000000000691b000 	/System/Library/PrivateFrameworks/CoreWiFi.framework/Versions/A/CoreWiFi
0x000000000691b000 	/System/Library/Frameworks/CoreBluetooth.framework/Versions/A/CoreBluetooth
0x000000000691b000 	/System/Library/PrivateFrameworks/SignpostNotification.framework/Versions/A/SignpostNotification
0x000000000691b000 	/System/Library/PrivateFrameworks/DebugSymbols.framework/Versions/A/DebugSymbols
0x000000000691b000 	/System/Library/PrivateFrameworks/CoreSymbolication.framework/Versions/A/CoreSymbolication
0x000000000691b000 	/System/Library/PrivateFrameworks/Symbolication.framework/Versions/A/Symbolication
0x000000000691b000 	/System/Library/PrivateFrameworks/AppleFSCompression.framework/Versions/A/AppleFSCompression
0x000000000691b000 	/System/Library/PrivateFrameworks/SpeechRecognitionCore.framework/Versions/A/SpeechRecognitionCore
0x0000000103800000 	/Library/Java/JavaVirtualMachines/jdk1.8.0_131.jdk/Contents/Home/jre/lib/server/libjvm.dylib
0x000000000691b000 	/usr/lib/libstdc++.6.0.9.dylib
0x000000010265c000 	/Library/Java/JavaVirtualMachines/jdk1.8.0_131.jdk/Contents/Home/jre/lib/libverify.dylib
0x000000010266a000 	/Library/Java/JavaVirtualMachines/jdk1.8.0_131.jdk/Contents/Home/jre/lib/libjava.dylib
0x00000001026e9000 	/Library/Java/JavaVirtualMachines/jdk1.8.0_131.jdk/Contents/Home/jre/lib/libzip.dylib
0x000000000691b000 	/System/Library/Frameworks/JavaVM.framework/Versions/A/Frameworks/JavaRuntimeSupport.framework/Versions/A/JavaRuntimeSupport
0x000000000691b000 	/System/Library/Frameworks/JavaVM.framework/Versions/A/Frameworks/JavaNativeFoundation.framework/Versions/A/JavaNativeFoundation
0x000000000691b000 	/System/Library/Frameworks/JavaVM.framework/Versions/A/JavaVM
0x000000000691b000 	/System/Library/Frameworks/Carbon.framework/Versions/A/Carbon
0x000000000691b000 	/System/Library/PrivateFrameworks/JavaLaunching.framework/Versions/A/JavaLaunching
0x000000000691b000 	/System/Library/Frameworks/Carbon.framework/Versions/A/Frameworks/CommonPanels.framework/Versions/A/CommonPanels
0x000000000691b000 	/System/Library/Frameworks/Carbon.framework/Versions/A/Frameworks/Help.framework/Versions/A/Help
0x000000000691b000 	/System/Library/Frameworks/Carbon.framework/Versions/A/Frameworks/ImageCapture.framework/Versions/A/ImageCapture
0x000000000691b000 	/System/Library/Frameworks/Carbon.framework/Versions/A/Frameworks/OpenScripting.framework/Versions/A/OpenScripting
0x000000000691b000 	/System/Library/Frameworks/Carbon.framework/Versions/A/Frameworks/Print.framework/Versions/A/Print
0x000000000691b000 	/System/Library/Frameworks/Carbon.framework/Versions/A/Frameworks/SecurityHI.framework/Versions/A/SecurityHI
0x000000010a29f000 	/Library/Java/JavaVirtualMachines/jdk1.8.0_131.jdk/Contents/Home/jre/lib/libmanagement.dylib
0x000000010a2ad000 	/Library/Java/JavaVirtualMachines/jdk1.8.0_131.jdk/Contents/Home/jre/lib/libnet.dylib
0x000000010a30c000 	/Library/Java/JavaVirtualMachines/jdk1.8.0_131.jdk/Contents/Home/jre/lib/libnio.dylib

VM Arguments:
jvm_args: -Dwebdriver.chrome.driver=/Users/potapopweblium/Documents/interface-webdriver/drivers/chromedriver -Dwebdriver.gecko.driver=/Users/potapopweblium/Documents/interface-webdriver/drivers/geckodriver -Dwebdriver.safari.driver=/usr/bin/safaridriver 
java_command: /Users/potapopweblium/Documents/interface-webdriver/drivers/standalone.jar
java_class_path (initial): /Users/potapopweblium/Documents/interface-webdriver/drivers/standalone.jar
Launcher Type: SUN_STANDARD

Environment Variables:
PATH=/Users/potapopweblium/.rvm/gems/ruby-2.3.1/bin:/Users/potapopweblium/.rvm/gems/ruby-2.3.1@global/bin:/Users/potapopweblium/.rvm/rubies/ruby-2.3.1/bin:/Users/potapopweblium/.nvm/versions/node/v9.5.0/bin:/Users/potapopweblium/.cargo/bin:/usr/local/bin:/usr/local/sbin:/usr/bin:/bin:/usr/sbin:/sbin:/usr/local/share/dotnet:/Users/potapopweblium/.rvm/bin:/Users/potapopweblium/go/bin:/Users/potapopweblium/.rvm/bin
SHELL=/usr/local/bin/zsh

Signal Handlers:
SIGSEGV: [libjvm.dylib+0x5b1eb1], sa_mask[0]=11111111011111110111111111111111, sa_flags=SA_ONSTACK|SA_RESTART|SA_SIGINFO
SIGBUS: [libjvm.dylib+0x5b1eb1], sa_mask[0]=11111111011111110111111111111111, sa_flags=SA_RESTART|SA_SIGINFO
SIGFPE: [libjvm.dylib+0x488988], sa_mask[0]=11111111011111110111111111111111, sa_flags=SA_RESTART|SA_SIGINFO
SIGPIPE: [libjvm.dylib+0x488988], sa_mask[0]=11111111011111110111111111111111, sa_flags=SA_RESTART|SA_SIGINFO
SIGXFSZ: [libjvm.dylib+0x488988], sa_mask[0]=11111111011111110111111111111111, sa_flags=SA_RESTART|SA_SIGINFO
SIGILL: [libjvm.dylib+0x488988], sa_mask[0]=11111111011111110111111111111111, sa_flags=SA_RESTART|SA_SIGINFO
SIGUSR1: SIG_DFL, sa_mask[0]=00000000000000000000000000000000, sa_flags=SA_RESTART
SIGUSR2: [libjvm.dylib+0x4884a6], sa_mask[0]=00000000000000000000000000000000, sa_flags=SA_RESTART|SA_SIGINFO
SIGHUP: [libjvm.dylib+0x486a7d], sa_mask[0]=11111111011111110111111111111111, sa_flags=SA_RESTART|SA_SIGINFO
SIGINT: [libjvm.dylib+0x486a7d], sa_mask[0]=11111111011111110111111111111111, sa_flags=SA_RESTART|SA_SIGINFO
SIGTERM: [libjvm.dylib+0x486a7d], sa_mask[0]=11111111011111110111111111111111, sa_flags=SA_RESTART|SA_SIGINFO
SIGQUIT: [libjvm.dylib+0x486a7d], sa_mask[0]=11111111011111110111111111111111, sa_flags=SA_RESTART|SA_SIGINFO


---------------  S Y S T E M  ---------------

OS:Bsduname:Darwin 17.4.0 Darwin Kernel Version 17.4.0: Sun Dec 17 09:19:54 PST 2017; root:xnu-4570.41.2~1/RELEASE_X86_64 x86_64
rlimit: STACK 8192k, CORE 0k, NPROC 1418, NOFILE 10240, AS infinity
load average:2.10 2.21 2.29

CPU:total 8 (initial active 8) (4 cores per cpu, 2 threads per core) family 6 model 94 stepping 3, cmov, cx8, fxsr, mmx, sse, sse2, sse3, ssse3, sse4.1, sse4.2, popcnt, avx, avx2, aes, clmul, erms, rtm, 3dnowpref, lzcnt, ht, tsc, tscinvbit, bmi1, bmi2, adx

Memory: 4k page, physical 16777216k(191824k free)

/proc/meminfo:


vm_info: Java HotSpot(TM) 64-Bit Server VM (25.131-b11) for bsd-amd64 JRE (1.8.0_131-b11), built on Mar 15 2017 01:32:22 by "java_re" with gcc 4.2.1 (Based on Apple Inc. build 5658) (LLVM build 2336.11.00)

time: Mon Feb 19 21:51:57 2018
elapsed time: 1936 seconds (0d 0h 32m 16s)

